<?xml version="1.0" encoding="UTF-8"?>
<!-- Generated by org.testng.reporters.JUnitReportReporter -->
<testsuite skipped="0" hostname="DESKTOP-559VS32" name="com.accuweather.test.HomePageTest" tests="2" failures="0" timestamp="25 Oct 2021 15:08:34 GMT" time="101.280" errors="0">
  <testcase name="validateTitleTest" time="37.581" classname="com.accuweather.test.HomePageTest"/>
  <testcase name="getTemperatureTest" time="63.699" classname="com.accuweather.test.HomePageTest"/>
</testsuite> <!-- com.accuweather.test.HomePageTest -->
