<?xml version="1.0" encoding="UTF-8"?>
<!-- Generated by org.testng.reporters.JUnitReportReporter -->
<testsuite skipped="0" hostname="DESKTOP-559VS32" name="com.accuweather.test.HomePageTest" tests="1" failures="0" timestamp="26 Oct 2021 06:02:14 GMT" time="44.908" errors="0">
  <testcase name="validateScreenshotTest" time="44.908" classname="com.accuweather.test.HomePageTest"/>
</testsuite> <!-- com.accuweather.test.HomePageTest -->
