<?xml version="1.0" encoding="UTF-8"?>
<!-- Generated by org.testng.reporters.JUnitReportReporter -->
<testsuite skipped="0" hostname="DESKTOP-559VS32" name="com.accuweather.test.HomePageTest" tests="1" failures="0" timestamp="25 Oct 2021 14:54:19 GMT" time="60.964" errors="0">
  <testcase name="getTemperatureTest" time="60.964" classname="com.accuweather.test.HomePageTest"/>
</testsuite> <!-- com.accuweather.test.HomePageTest -->
